<?xml version="1.0" encoding="UTF-8"?>
<!-- Generated by org.testng.reporters.JUnitReportReporter -->
<testsuite hostname="Adarshs-Air" failures="0" tests="2" name="Academy.HomePageTest" time="27.543" errors="0" timestamp="2022-03-03T01:05:37 IST" skipped="0">
  <testcase classname="Academy.HomePageTest" name="basePageNavigationHome" time="14.246"/>
  <system-out/>
  <testcase classname="Academy.HomePageTest" name="basePageNavigationHome" time="13.297"/>
  <system-out/>
</testsuite> <!-- Academy.HomePageTest -->
