<?xml version="1.0" encoding="UTF-8"?>
<!-- Generated by org.testng.reporters.JUnitReportReporter -->
<testsuite hostname="Adarshs-Air" failures="0" tests="1" name="cucumberOptions.TestRunner" time="18.736" errors="0" timestamp="2022-03-03T13:13:16 IST" skipped="0">
  <testcase classname="cucumberOptions.TestRunner" name="runScenario" time="18.736"/>
  <system-out/>
</testsuite> <!-- cucumberOptions.TestRunner -->
