<?xml version="1.0" encoding="UTF-8"?>
<!-- Generated by org.testng.reporters.JUnitReportReporter -->
<testsuite hostname="Adarshs-Air" failures="0" tests="2" name="Academy.HomePage" time="22.358" errors="0" timestamp="2022-03-01T15:04:32 IST" skipped="0">
  <testcase classname="Academy.HomePage" name="basePageNavigation" time="12.067"/>
  <system-out/>
  <testcase classname="Academy.HomePage" name="basePageNavigation" time="10.291"/>
  <system-out/>
</testsuite> <!-- Academy.HomePage -->
