<?xml version="1.0" encoding="UTF-8"?>
<!-- Generated by org.testng.reporters.JUnitReportReporter -->
<testsuite hostname="Adarshs-Air" failures="0" tests="2" name="Academy.HomePageTest" time="23.658" errors="0" timestamp="2022-03-03T02:32:00 IST" skipped="0">
  <testcase classname="Academy.HomePageTest" name="basePageNavigationHome" time="8.477"/>
  <system-out/>
  <testcase classname="Academy.HomePageTest" name="basePageNavigationHome" time="15.181"/>
  <system-out/>
</testsuite> <!-- Academy.HomePageTest -->
