<?xml version="1.0" encoding="UTF-8"?>
<!-- Generated by org.testng.reporters.JUnitReportReporter -->
<testsuite hostname="Adarshs-Air" failures="0" tests="1" name="Academy.ValidateNavigationBar" time="0.086" errors="0" timestamp="2022-03-01T15:04:32 IST" skipped="0">
  <testcase classname="Academy.ValidateNavigationBar" name="basePageNavigation" time="0.086"/>
  <system-out/>
</testsuite> <!-- Academy.ValidateNavigationBar -->
