<?xml version="1.0" encoding="UTF-8"?>
<!-- Generated by org.testng.reporters.JUnitReportReporter -->
<testsuite hostname="Adarshs-Air" failures="0" tests="1" name="Academy.ValidateNavigationBarTest" time="0.131" errors="0" timestamp="2022-03-03T02:32:00 IST" skipped="0">
  <testcase classname="Academy.ValidateNavigationBarTest" name="basePageNavigationBar" time="0.131"/>
  <system-out/>
</testsuite> <!-- Academy.ValidateNavigationBarTest -->
