<?xml version="1.0" encoding="UTF-8"?>
<!-- Generated by org.testng.reporters.JUnitReportReporter -->
<testsuite hostname="Adarshs-Air" failures="0" tests="1" name="Academy.ValidateTitle" time="0.105" errors="0" timestamp="2022-03-01T15:04:32 IST" skipped="0">
  <testcase classname="Academy.ValidateTitle" name="basePageNavigation" time="0.105"/>
  <system-out/>
</testsuite> <!-- Academy.ValidateTitle -->
